============================= test session starts ==============================
platform darwin -- Python 3.14.4, pytest-9.0.2, pluggy-1.6.0
rootdir: /Users/amplience/Projects/standards-control-plane
configfile: pyproject.toml
testpaths: tests
plugins: cov-7.1.0, asyncio-1.3.0, hydra-core-1.3.2, anyio-4.13.0
asyncio: mode=Mode.STRICT, debug=False, asyncio_default_fixture_loop_scope=None, asyncio_default_test_loop_scope=function
collected 62 items

tests/test_architecture_audit.py .....                                   [  8%]
tests/test_consult_retrieval.py ........                                 [ 20%]
tests/test_examples_validate.py ..........                               [ 37%]
tests/test_extraction_normalisation.py ..........                        [ 53%]
tests/test_findings_persistence.py ......                                [ 62%]
tests/test_governance_audit.py .........                                 [ 77%]
tests/test_registry_layout.py ..                                         [ 80%]
tests/test_reports.py .....                                              [ 88%]
tests/test_waivers_and_scoring.py .......                                [100%]

============================== 62 passed in 2.04s ==============================
