============================= test session starts ==============================
platform darwin -- Python 3.14.4, pytest-9.0.2, pluggy-1.6.0 -- /opt/homebrew/opt/python@3.14/bin/python3.14
cachedir: .pytest_cache
rootdir: /Users/amplience/Projects/standards-control-plane
configfile: pyproject.toml
plugins: cov-7.1.0, asyncio-1.3.0, hydra-core-1.3.2, anyio-4.13.0
asyncio: mode=Mode.STRICT, debug=False, asyncio_default_fixture_loop_scope=None, asyncio_default_test_loop_scope=function
collecting ... collected 164 items

tests/test_architecture_audit.py::test_architecture_evaluator_returns_seeded_returns_findings PASSED [  0%]
tests/test_architecture_audit.py::test_architecture_evaluator_flags_arch_003_from_repo_backed_fixture PASSED [  1%]
tests/test_architecture_audit.py::test_architecture_evaluator_flags_arch_004_from_repo_backed_fixture PASSED [  1%]
tests/test_architecture_audit.py::test_architecture_evaluator_preserves_findings_order PASSED [  2%]
tests/test_architecture_audit.py::test_audit_builder_preserves_merged_findings_order_with_multiple_evaluated_domains PASSED [  3%]
tests/test_calibration.py::test_false_positive_summary_builds_and_validates PASSED [  3%]
tests/test_calibration.py::test_write_false_positive_summary_persists_summary PASSED [  4%]
tests/test_calibration.py::test_calibration_cli_prints_current_summary PASSED [  4%]
tests/test_changed_audit.py::test_list_changed_files_returns_repo_relative_paths_from_temp_repo PASSED [  5%]
tests/test_changed_audit.py::test_build_changed_file_audit_result_accepts_explicit_changed_paths PASSED [  6%]
tests/test_ci_outputs.py::test_build_ci_output_warns_on_threshold_findings_and_regressions PASSED [  6%]
tests/test_ci_outputs.py::test_write_ci_outputs_writes_deterministic_json_and_markdown PASSED [  7%]
tests/test_ci_outputs.py::test_write_ci_outputs_captures_changed_audit_source_metadata PASSED [  7%]
tests/test_ci_outputs.py::test_audit_write_output_emits_ci_artifacts_and_ci_cli_reads_them PASSED [  8%]
tests/test_ci_outputs.py::test_ci_cli_fails_when_latest_artifact_is_missing PASSED [  9%]
tests/test_confidence_taxonomy.py::test_classify_confidence_uses_documented_thresholds PASSED [  9%]
tests/test_confidence_taxonomy.py::test_classify_confidence_rejects_out_of_range_values PASSED [ 10%]
tests/test_confidence_taxonomy.py::test_consult_response_surfaces_confidence_classes PASSED [ 10%]
tests/test_consult_ordering.py::test_frontend_consult_orders_patterns_before_rules_and_prefers_frontend_domains PASSED [ 11%]
tests/test_consult_retrieval.py::test_load_registry_returns_structured_rules_and_patterns PASSED [ 12%]
tests/test_consult_retrieval.py::test_broken_registry_reference_fails_explicitly PASSED [ 12%]
tests/test_consult_retrieval.py::test_registry_reference_cannot_escape_boundary PASSED [ 13%]
tests/test_consult_retrieval.py::test_findings_store_validates_and_supports_domain_first_matching PASSED [ 14%]
tests/test_consult_retrieval.py::test_area_specific_findings_can_surface_outside_requested_domains PASSED [ 14%]
tests/test_consult_retrieval.py::test_consult_response_is_schema_valid_and_deterministic PASSED [ 15%]
tests/test_consult_retrieval.py::test_consult_response_returns_empty_historical_reviews_when_no_match_exists PASSED [ 15%]
tests/test_consult_retrieval.py::test_consult_cli_returns_live_registry_data PASSED [ 16%]
tests/test_consult_retrieval.py::test_show_registry_cli_returns_loaded_registry PASSED [ 17%]
tests/test_control_tower_outputs.py::test_write_control_tower_outputs_writes_surface_subsystem_and_dashboard PASSED [ 17%]
tests/test_control_tower_outputs.py::test_estate_dashboard_rollup_includes_existing_subsystem_entries PASSED [ 18%]
tests/test_control_tower_outputs.py::test_control_tower_cli_prints_dashboard_and_fails_when_missing PASSED [ 18%]
tests/test_design_audit.py::test_design_evaluator_returns_bounded_findings_for_design_drift_fixture PASSED [ 19%]
tests/test_design_audit.py::test_design_evaluator_returns_clean_score_for_stable_design_fixture PASSED [ 20%]
tests/test_design_audit.py::test_audit_builder_evaluates_design_domain PASSED [ 20%]
tests/test_estate_reporting.py::test_build_multi_repo_dashboard_and_trend_are_schema_valid PASSED [ 21%]
tests/test_estate_reporting.py::test_write_multi_repo_outputs_persists_dashboard_history_and_trend PASSED [ 21%]
tests/test_estate_reporting.py::test_estate_report_cli_prints_and_persists_outputs PASSED [ 22%]
tests/test_examples_validate.py::test_consult_request_example_validates PASSED [ 23%]
tests/test_examples_validate.py::test_consult_response_example_validates PASSED [ 23%]
tests/test_examples_validate.py::test_audit_request_example_validates PASSED [ 24%]
tests/test_examples_validate.py::test_audit_result_example_validates PASSED [ 25%]
tests/test_examples_validate.py::test_extracted_scope_example_validates PASSED [ 25%]
tests/test_examples_validate.py::test_project_area_example_validates PASSED [ 26%]
tests/test_examples_validate.py::test_open_findings_store_validates PASSED [ 26%]
tests/test_examples_validate.py::test_history_findings_store_validates PASSED [ 27%]
tests/test_examples_validate.py::test_false_positive_summary_validates PASSED [ 28%]
tests/test_examples_validate.py::test_waivers_file_validates PASSED      [ 28%]
tests/test_examples_validate.py::test_returns_area_summary_validates PASSED [ 29%]
tests/test_extraction_normalisation.py::test_extract_scope_returns_expected_canonical_paths PASSED [ 29%]
tests/test_extraction_normalisation.py::test_extract_scope_missing_path_fails PASSED [ 30%]
tests/test_extraction_normalisation.py::test_extract_scope_rejects_boundary_escape PASSED [ 31%]
tests/test_extraction_normalisation.py::test_extract_scope_rejects_symlink_led_escape PASSED [ 31%]
tests/test_extraction_normalisation.py::test_extract_scope_rejects_symlink_to_repo_local_target_outside_requested_subtree PASSED [ 32%]
tests/test_extraction_normalisation.py::test_extract_scope_rejects_scope_path_symlink PASSED [ 32%]
tests/test_extraction_normalisation.py::test_extract_scope_rejects_symlinked_ancestor_in_requested_path PASSED [ 33%]
tests/test_extraction_normalisation.py::test_normalise_project_area_matches_expected_buckets PASSED [ 34%]
tests/test_extraction_normalisation.py::test_normalise_fails_without_area_hint_when_no_supported_rule_matches PASSED [ 34%]
tests/test_extraction_normalisation.py::test_example_project_area_payload_matches_live_output PASSED [ 35%]
tests/test_extraction_normalisation.py::test_normalise_project_area_classifies_storybook_screenshots_and_graphs PASSED [ 35%]
tests/test_findings_persistence.py::test_persist_audit_findings_reconciles_scope_and_preserves_timestamps PASSED [ 36%]
tests/test_findings_persistence.py::test_persist_audit_findings_is_idempotent PASSED [ 37%]
tests/test_findings_persistence.py::test_reconcile_findings_collapses_identical_duplicates_and_rejects_conflicts PASSED [ 37%]
tests/test_findings_persistence.py::test_audit_cli_is_read_only_without_write_flag PASSED [ 38%]
tests/test_findings_persistence.py::test_audit_cli_write_output_persists_reconciled_stores PASSED [ 39%]
tests/test_findings_persistence.py::test_findings_cli_returns_current_open_store PASSED [ 39%]
tests/test_governance_audit.py::test_governance_evaluator_returns_clean_score_for_seeded_area PASSED [ 40%]
tests/test_governance_audit.py::test_governance_evaluator_flags_missing_enhancement_spec PASSED [ 40%]
tests/test_governance_audit.py::test_governance_evaluator_flags_missing_review_evidence PASSED [ 41%]
tests/test_governance_audit.py::test_governance_evaluator_rejects_legacy_unstructured_review_evidence PASSED [ 42%]
tests/test_governance_audit.py::test_governance_evaluator_flags_boundary_mismatch PASSED [ 42%]
tests/test_governance_audit.py::test_governance_evaluator_orders_multiple_findings_by_severity_then_rule PASSED [ 43%]
tests/test_governance_audit.py::test_audit_builder_returns_live_governance_result_with_domain_status PASSED [ 43%]
tests/test_governance_audit.py::test_audit_example_matches_live_builder_output PASSED [ 44%]
tests/test_governance_audit.py::test_audit_cli_returns_live_governance_result PASSED [ 45%]
tests/test_governance_audit.py::test_audit_rejects_mismatched_scope_area_id PASSED [ 45%]
tests/test_product_audit.py::test_product_evaluator_returns_bounded_advisory_findings_for_drift_fixture PASSED [ 46%]
tests/test_product_audit.py::test_product_evaluator_returns_clean_score_for_stable_product_fixture PASSED [ 46%]
tests/test_product_audit.py::test_audit_builder_evaluates_product_domain PASSED [ 47%]
tests/test_registry_layout.py::test_top_level_registry_references_existing_domain_indexes PASSED [ 48%]
tests/test_registry_layout.py::test_domain_indexes_reference_existing_files PASSED [ 48%]
tests/test_registry_overlays.py::test_load_registry_merges_overlay_rules_and_patterns PASSED [ 49%]
tests/test_registry_overlays.py::test_consult_and_audit_honour_overlay_registry PASSED [ 50%]
tests/test_reports.py::test_write_audit_reports_generates_markdown_and_area_summary PASSED [ 50%]
tests/test_reports.py::test_write_audit_reports_is_deterministic PASSED  [ 51%]
tests/test_reports.py::test_report_cli_prints_fresh_review_and_rejects_stale_output PASSED [ 51%]
tests/test_reports.py::test_report_cli_fails_when_latest_review_is_missing PASSED [ 52%]
tests/test_reports.py::test_report_cli_fails_explicitly_when_findings_store_is_invalid PASSED [ 53%]
tests/test_review_evidence.py::test_parse_review_evidence_file_loads_seeded_returns_record PASSED [ 53%]
tests/test_review_evidence.py::test_load_review_evidence_records_skips_legacy_unstructured_files PASSED [ 54%]
tests/test_review_evidence.py::test_select_historical_reviews_prefers_exact_area_match_before_path_overlap PASSED [ 54%]
tests/test_review_evidence.py::test_select_historical_reviews_returns_empty_list_when_no_match_exists PASSED [ 55%]
tests/test_review_evidence.py::test_seeded_review_evidence_block_validates_against_schema PASSED [ 56%]
tests/test_scp_dogfood.py::test_scp_services_yml_exists_at_repo_root PASSED [ 56%]
tests/test_scp_dogfood.py::test_scp_dogfood_audit_request_validates_against_schema PASSED [ 57%]
tests/test_scp_dogfood.py::test_scp_dogfood_audit_is_clean_against_scoped_paths PASSED [ 57%]
tests/test_scp_dogfood.py::test_scp_dogfood_audit_is_clean_over_full_service_source_tree PASSED [ 58%]
tests/test_scp_dogfood.py::test_scp_dogfood_audit_fires_bearer_legacy_after_close_date PASSED [ 59%]
tests/test_scp_dogfood.py::test_scp_dogfood_via_cli_subprocess_is_clean PASSED [ 59%]
tests/test_scp_dogfood.py::test_scp_waiver_ref_fires_when_an_unrelated_waiver_is_registered PASSED [ 60%]
tests/test_scp_dogfood.py::test_audit_accepts_requested_area_id_when_scope_is_uninferrable PASSED [ 60%]
tests/test_scp_dogfood.py::test_audit_still_rejects_mismatch_when_inference_succeeds PASSED [ 61%]
tests/test_scp_dogfood.py::test_scp_waiver_ref_clears_when_the_scp_migration_waiver_is_registered PASSED [ 62%]
tests/test_service_api.py::test_service_api_serves_frontend_status_and_api_without_auth PASSED [ 62%]
tests/test_service_api.py::test_service_api_supports_oidc_cookie_auth_and_legacy_bearer PASSED [ 63%]
tests/test_service_lifecycle_audit.py::test_conformant_fixture_produces_no_findings PASSED [ 64%]
tests/test_service_lifecycle_audit.py::test_missing_runtime_contract_fires_svc001_only PASSED [ 64%]
tests/test_service_lifecycle_audit.py::test_incomplete_runtime_contract_fires_svc001_and_svc003_missing_auth PASSED [ 65%]
tests/test_service_lifecycle_audit.py::test_python_venv_missing_venv_path_fires_svc001 PASSED [ 65%]
tests/test_service_lifecycle_audit.py::test_missing_health_handler_fires_svc002 PASSED [ 66%]
tests/test_service_lifecycle_audit.py::test_missing_auth_contract_fires_svc003 PASSED [ 67%]
tests/test_service_lifecycle_audit.py::test_empty_accepted_modes_fires_svc003 PASSED [ 67%]
tests/test_service_lifecycle_audit.py::test_unknown_mode_fires_svc003 PASSED [ 68%]
tests/test_service_lifecycle_audit.py::test_oidc_missing_audience_fires_svc003_metadata PASSED [ 68%]
tests/test_service_lifecycle_audit.py::test_bearer_legacy_missing_waiver_fires_svc003_metadata PASSED [ 69%]
tests/test_service_lifecycle_audit.py::test_bearer_legacy_past_close_date_fires_svc003 PASSED [ 70%]
tests/test_service_lifecycle_audit.py::test_duplicate_mode_fires_svc003 PASSED [ 70%]
tests/test_service_lifecycle_audit.py::test_impl_missing_handler_fires_svc003 PASSED [ 71%]
tests/test_service_lifecycle_audit.py::test_impl_undeclared_mode_fires_svc003 PASSED [ 71%]
tests/test_service_lifecycle_audit.py::test_planned_service_exempt_produces_no_findings PASSED [ 72%]
tests/test_service_lifecycle_audit.py::test_malformed_yaml_fires_svc001_parse_error PASSED [ 73%]
tests/test_service_lifecycle_audit.py::test_no_services_manifest_produces_no_findings PASSED [ 73%]
tests/test_service_lifecycle_audit.py::test_evaluation_is_deterministic PASSED [ 74%]
tests/test_service_lifecycle_audit.py::test_audit_builder_routes_service_lifecycle_domain PASSED [ 75%]
tests/test_service_lifecycle_audit.py::test_audit_builder_emits_svc003_for_past_close_date_fixture PASSED [ 75%]
tests/test_service_lifecycle_audit.py::test_conformant_all_modes_fixture_produces_no_findings PASSED [ 76%]
tests/test_service_lifecycle_audit.py::test_rs256_conformant_produces_no_findings PASSED [ 76%]
tests/test_service_lifecycle_audit.py::test_rs256_impl_undeclared_fires_svc003 PASSED [ 77%]
tests/test_service_lifecycle_audit.py::test_rs256_missing_handler_fires_svc003 PASSED [ 78%]
tests/test_service_lifecycle_audit.py::test_api_key_missing_issuer_fires_svc003_metadata PASSED [ 78%]
tests/test_service_lifecycle_audit.py::test_audience_invalid_fires_svc003 PASSED [ 79%]
tests/test_service_lifecycle_audit.py::test_jwks_url_invalid_fires_svc003 PASSED [ 79%]
tests/test_service_lifecycle_audit.py::test_auth_contract_wrong_type_fires_svc003 PASSED [ 80%]
tests/test_service_lifecycle_audit.py::test_accepted_modes_wrong_type_fires_svc003 PASSED [ 81%]
tests/test_service_lifecycle_audit.py::test_malformed_entry_fires_svc003 PASSED [ 81%]
tests/test_service_lifecycle_audit.py::test_bearer_legacy_missing_close_date_fires_svc003 PASSED [ 82%]
tests/test_service_lifecycle_audit.py::test_bearer_legacy_malformed_close_date_fires_svc003 PASSED [ 82%]
tests/test_service_lifecycle_audit.py::test_working_dir_missing_fires_svc001 PASSED [ 83%]
tests/test_service_lifecycle_audit.py::test_multi_service_audits_ready_and_skips_planned PASSED [ 84%]
tests/test_service_lifecycle_audit.py::test_bare_map_rejected_as_malformed PASSED [ 84%]
tests/test_service_lifecycle_audit.py::test_standards_version_must_be_iso_date PASSED [ 85%]
tests/test_service_lifecycle_audit.py::test_entry_unknown_field_fires_svc003 PASSED [ 85%]
tests/test_service_lifecycle_audit.py::test_scp_self_audit_does_not_self_poison PASSED [ 86%]
tests/test_service_lifecycle_audit.py::test_bearer_legacy_waiver_ref_verified_against_waivers_registry PASSED [ 87%]
tests/test_service_lifecycle_audit.py::test_bearer_legacy_waiver_ref_skipped_when_waivers_registry_empty PASSED [ 87%]
tests/test_service_lifecycle_cli.py::test_example_audit_request_for_service_lifecycle_validates_against_schema PASSED [ 88%]
tests/test_service_lifecycle_cli.py::test_example_consult_request_for_service_lifecycle_validates_against_schema PASSED [ 89%]
tests/test_service_lifecycle_cli.py::test_show_registry_cli_surfaces_service_lifecycle_rules PASSED [ 89%]
tests/test_service_lifecycle_cli.py::test_audit_cli_accepts_service_lifecycle_domain_on_conformant_fixture PASSED [ 90%]
tests/test_service_lifecycle_cli.py::test_audit_write_output_flow_for_service_lifecycle_emits_all_artifacts PASSED [ 90%]
tests/test_service_lifecycle_cli.py::test_changed_file_audit_routes_service_lifecycle_domain_via_explicit_paths PASSED [ 91%]
tests/test_service_lifecycle_cli.py::test_consult_returns_service_lifecycle_rules_when_domain_requested PASSED [ 92%]
tests/test_service_lifecycle_cli.py::test_overlay_can_replace_svc003_and_raise_severity PASSED [ 92%]
tests/test_service_lifecycle_cli.py::test_audit_with_overlay_propagates_overlay_severity_to_findings PASSED [ 93%]
tests/test_service_lifecycle_cli.py::test_mixed_domain_audit_evaluates_service_lifecycle_and_governance_together PASSED [ 93%]
tests/test_ux_audit.py::test_ux_evaluator_returns_bounded_findings_for_seeded_returns_pilot PASSED [ 94%]
tests/test_ux_audit.py::test_ux_evaluator_returns_clean_score_for_stable_workspace_fixture PASSED [ 95%]
tests/test_ux_audit.py::test_audit_builder_evaluates_ux_domain PASSED    [ 95%]
tests/test_waivers_and_scoring.py::test_build_audit_result_applies_active_waiver_and_updates_score PASSED [ 96%]
tests/test_waivers_and_scoring.py::test_build_audit_result_treats_missing_waivers_file_as_empty PASSED [ 96%]
tests/test_waivers_and_scoring.py::test_build_audit_result_orders_applied_waivers_deterministically PASSED [ 97%]
tests/test_waivers_and_scoring.py::test_build_audit_result_ignores_expired_waiver PASSED [ 98%]
tests/test_waivers_and_scoring.py::test_build_audit_result_rejects_overlapping_active_waivers PASSED [ 98%]
tests/test_waivers_and_scoring.py::test_waived_finding_reopens_after_waiver_expiry PASSED [ 99%]
tests/test_waivers_and_scoring.py::test_score_findings_ignores_non_open_statuses_and_clamps_to_zero PASSED [100%]

============================= 164 passed in 17.31s =============================
